[ 2016-11-08T10:43:52+08:00 ] ::1 /hanyaziben_app/index.php/Kiki/update
INFO: [ app_init ] --START--
INFO: Run Behavior\BuildLiteBehavior [ RunTime:0.000024s ]
INFO: [ app_init ] --END-- [ RunTime:0.019258s ]
INFO: [ app_begin ] --START--
INFO: Run Behavior\ReadHtmlCacheBehavior [ RunTime:0.001557s ]
INFO: [ app_begin ] --END-- [ RunTime:0.001656s ]
SQL: SHOW COLUMNS FROM `cw_user` [ RunTime:0.0027s ]
SQL: SHOW COLUMNS FROM `pt_investment_points` [ RunTime:0.0021s ]
SQL: SHOW COLUMNS FROM `pt_overdue_points` [ RunTime:0.0018s ]
SQL: SHOW COLUMNS FROM `pro_info` [ RunTime:0.0068s ]
SQL: SELECT `id`,`idnumber` FROM `cw_user`  [ RunTime:0.0027s ]
SQL: SELECT `id_number`,`investment_amount`,`expiration_date` FROM `pro_info` WHERE `id_number` = '110222198805011011'  [ RunTime:0.0058s ]
SQL: SELECT `id_number`,`investment_amount`,`expiration_date` FROM `pro_info` WHERE `id_number` = '231083198912310011'  [ RunTime:0.0056s ]
SQL: SELECT `id_number`,`investment_amount`,`expiration_date` FROM `pro_info` WHERE `id_number` = '110104198904051269'  [ RunTime:0.0056s ]
SQL: SELECT `id_number`,`investment_amount`,`expiration_date` FROM `pro_info` WHERE `id_number` = '370503199401010930'  [ RunTime:0.0051s ]
SQL: SELECT `id_number`,`investment_amount`,`expiration_date` FROM `pro_info` WHERE `id_number` = '110101195408163525'  [ RunTime:0.0057s ]
SQL: SELECT `id_number`,`investment_amount`,`expiration_date` FROM `pro_info` WHERE `id_number` = '130822199308230526'  [ RunTime:0.0058s ]
SQL: SELECT `id_number`,`investment_amount`,`expiration_date` FROM `pro_info` WHERE `id_number` = '130481199003171244'  [ RunTime:0.0068s ]
SQL: SELECT `id_number`,`investment_amount`,`expiration_date` FROM `pro_info` WHERE `id_number` = '230523198707084828'  [ RunTime:0.0058s ]
SQL: SELECT `id_number`,`investment_amount`,`expiration_date` FROM `pro_info` WHERE `id_number` = '211381198904270427'  [ RunTime:0.0054s ]
SQL: SELECT `id_number`,`investment_amount`,`expiration_date` FROM `pro_info` WHERE `id_number` = '330302198401294022'  [ RunTime:0.0059s ]
SQL: SELECT `id_number`,`investment_amount`,`expiration_date` FROM `pro_info` WHERE `id_number` = '120111198209291522'  [ RunTime:0.0055s ]
SQL: SELECT `id_number`,`investment_amount`,`expiration_date` FROM `pro_info` WHERE `id_number` = '370822197602051225'  [ RunTime:0.0051s ]
SQL: SELECT `id_number`,`investment_amount`,`expiration_date` FROM `pro_info` WHERE `id_number` = '330103195802041650'  [ RunTime:0.0057s ]
SQL: SELECT `id_number`,`investment_amount`,`expiration_date` FROM `pro_info` WHERE `id_number` = '610321198906030221'  [ RunTime:0.0060s ]
SQL: SELECT `id_number`,`investment_amount`,`expiration_date` FROM `pro_info` WHERE `id_number` = '142729199101120015'  [ RunTime:0.0053s ]
SQL: SELECT `id_number`,`investment_amount`,`expiration_date` FROM `pro_info` WHERE `id_number` = '622826198610162922'  [ RunTime:0.0058s ]
SQL: SELECT `id_number`,`investment_amount`,`expiration_date` FROM `pro_info` WHERE `id_number` = '34262319900408532X'  [ RunTime:0.0055s ]
SQL: SELECT `id_number`,`investment_amount`,`expiration_date` FROM `pro_info` WHERE `id_number` = '330302196806254820'  [ RunTime:0.0056s ]
SQL: SELECT `id_number`,`investment_amount`,`expiration_date` FROM `pro_info` WHERE `id_number` = '610324198610053124'  [ RunTime:0.0058s ]
SQL: SELECT `id_number`,`investment_amount`,`expiration_date` FROM `pro_info` WHERE `id_number` = '610113198307031328'  [ RunTime:0.0062s ]
SQL: SELECT `id_number`,`investment_amount`,`expiration_date` FROM `pro_info` WHERE `id_number` = '610122199010032822'  [ RunTime:0.0050s ]
SQL: SELECT `id_number`,`investment_amount`,`expiration_date` FROM `pro_info` WHERE `id_number` = '330103197407010028'  [ RunTime:0.0054s ]
SQL: SELECT `id_number`,`investment_amount`,`expiration_date` FROM `pro_info` WHERE `id_number` = '61043119880214154X'  [ RunTime:0.0055s ]
SQL: SELECT `id_number`,`investment_amount`,`expiration_date` FROM `pro_info` WHERE `id_number` = '610481198910253462'  [ RunTime:0.0057s ]
SQL: SELECT `id_number`,`investment_amount`,`expiration_date` FROM `pro_info` WHERE `id_number` = '610481198608090025'  [ RunTime:0.0058s ]
SQL: SELECT `id_number`,`investment_amount`,`expiration_date` FROM `pro_info` WHERE `id_number` = '330324198010057095'  [ RunTime:0.0053s ]
SQL: SELECT `id_number`,`investment_amount`,`expiration_date` FROM `pro_info` WHERE `id_number` = '130721195908212639'  [ RunTime:0.0058s ]
SQL: SELECT `id_number`,`investment_amount`,`expiration_date` FROM `pro_info` WHERE `id_number` = '220222196808133146'  [ RunTime:0.0058s ]
SQL: SELECT `id_number`,`investment_amount`,`expiration_date` FROM `pro_info` WHERE `id_number` = '110102195803272728'  [ RunTime:0.0057s ]
SQL: SELECT `id_number`,`investment_amount`,`expiration_date` FROM `pro_info` WHERE `id_number` = '110105195607070423'  [ RunTime:0.0053s ]
SQL: SELECT `id_number`,`investment_amount`,`expiration_date` FROM `pro_info` WHERE `id_number` = '120103196508205429'  [ RunTime:0.0057s ]
SQL: SELECT `id_number`,`investment_amount`,`expiration_date` FROM `pro_info` WHERE `id_number` = '110221196210180042'  [ RunTime:0.0048s ]
SQL: SELECT `id_number`,`investment_amount`,`expiration_date` FROM `pro_info` WHERE `id_number` = '330302196801183613'  [ RunTime:0.0049s ]
SQL: SELECT `id_number`,`investment_amount`,`expiration_date` FROM `pro_info` WHERE `id_number` = '110225196908241025'  [ RunTime:0.0053s ]
SQL: SELECT `id_number`,`investment_amount`,`expiration_date` FROM `pro_info` WHERE `id_number` = '342224198006141217'  [ RunTime:0.0051s ]
SQL: SELECT `id_number`,`investment_amount`,`expiration_date` FROM `pro_info` WHERE `id_number` = '330302198409042014'  [ RunTime:0.0057s ]
SQL: SELECT `id_number`,`investment_amount`,`expiration_date` FROM `pro_info` WHERE `id_number` = '320502195412150767'  [ RunTime:0.0069s ]
SQL: SELECT `id_number`,`investment_amount`,`expiration_date` FROM `pro_info` WHERE `id_number` = '13070219610801092X'  [ RunTime:0.0053s ]
SQL: SELECT `id_number`,`investment_amount`,`expiration_date` FROM `pro_info` WHERE `id_number` = '610103198203023216'  [ RunTime:0.0053s ]
SQL: SELECT `id_number`,`investment_amount`,`expiration_date` FROM `pro_info` WHERE `id_number` = '152104197808213824'  [ RunTime:0.0061s ]
SQL: SELECT `id_number`,`investment_amount`,`expiration_date` FROM `pro_info` WHERE `id_number` = '330302196206272814'  [ RunTime:0.0050s ]
SQL: SELECT `id_number`,`investment_amount`,`expiration_date` FROM `pro_info` WHERE `id_number` = '610103198408053224'  [ RunTime:0.0053s ]
SQL: SELECT `id_number`,`investment_amount`,`expiration_date` FROM `pro_info` WHERE `id_number` = '612324198307060024'  [ RunTime:0.0069s ]
SQL: SELECT `id_number`,`investment_amount`,`expiration_date` FROM `pro_info` WHERE `id_number` = '21010219821001283X'  [ RunTime:0.0059s ]
SQL: SELECT `id_number`,`investment_amount`,`expiration_date` FROM `pro_info` WHERE `id_number` = '610125198402286228'  [ RunTime:0.0060s ]
SQL: SELECT `id_number`,`investment_amount`,`expiration_date` FROM `pro_info` WHERE `id_number` = '339005198708046614'  [ RunTime:0.0066s ]
SQL: SELECT `id_number`,`investment_amount`,`expiration_date` FROM `pro_info` WHERE `id_number` = '130984198001151268'  [ RunTime:0.0071s ]
SQL: SELECT `id_number`,`investment_amount`,`expiration_date` FROM `pro_info` WHERE `id_number` = '310109195810184445'  [ RunTime:0.0056s ]
SQL: SELECT `id_number`,`investment_amount`,`expiration_date` FROM `pro_info` WHERE `id_number` = '330302197312154824'  [ RunTime:0.0057s ]
SQL: SELECT `id_number`,`investment_amount`,`expiration_date` FROM `pro_info` WHERE `id_number` = '330302196306032826'  [ RunTime:0.0046s ]
SQL: SELECT `id_number`,`investment_amount`,`expiration_date` FROM `pro_info` WHERE `id_number` = '320404193902260414'  [ RunTime:0.0057s ]
SQL: SELECT `id_number`,`investment_amount`,`expiration_date` FROM `pro_info` WHERE `id_number` = '330325197902023618'  [ RunTime:0.0055s ]
SQL: SELECT `id_number`,`investment_amount`,`expiration_date` FROM `pro_info` WHERE `id_number` = '320404198001164129'  [ RunTime:0.0052s ]
SQL: SELECT `id_number`,`investment_amount`,`expiration_date` FROM `pro_info` WHERE `id_number` = '110101194606201516'  [ RunTime:0.0068s ]
SQL: SELECT `id_number`,`investment_amount`,`expiration_date` FROM `pro_info` WHERE `id_number` = '370112199207174514'  [ RunTime:0.0070s ]
SQL: SELECT `id_number`,`investment_amount`,`expiration_date` FROM `pro_info` WHERE `id_number` = '370121196001074537'  [ RunTime:0.0058s ]
SQL: SELECT `id_number`,`investment_amount`,`expiration_date` FROM `pro_info` WHERE `id_number` = '370112198307175130'  [ RunTime:0.0073s ]
SQL: SELECT `id_number`,`investment_amount`,`expiration_date` FROM `pro_info` WHERE `id_number` = '620502198005050026'  [ RunTime:0.0064s ]
SQL: SELECT `id_number`,`investment_amount`,`expiration_date` FROM `pro_info` WHERE `id_number` = '132623197107300514'  [ RunTime:0.0062s ]
SQL: SELECT `id_number`,`investment_amount`,`expiration_date` FROM `pro_info` WHERE `id_number` = '320411196901030622'  [ RunTime:0.0096s ]
SQL: SELECT `id_number`,`investment_amount`,`expiration_date` FROM `pro_info` WHERE `id_number` = '370105198612022524'  [ RunTime:0.0050s ]
SQL: SELECT `id_number`,`investment_amount`,`expiration_date` FROM `pro_info` WHERE `id_number` = '320504196310191514'  [ RunTime:0.0056s ]
SQL: SELECT `id_number`,`investment_amount`,`expiration_date` FROM `pro_info` WHERE `id_number` = '420106197709030842'  [ RunTime:0.0056s ]
SQL: SELECT `id_number`,`investment_amount`,`expiration_date` FROM `pro_info` WHERE `id_number` = '320523196606260223'  [ RunTime:0.0054s ]
SQL: SELECT `id_number`,`investment_amount`,`expiration_date` FROM `pro_info` WHERE `id_number` = '320502195011251532'  [ RunTime:0.0058s ]
SQL: SELECT `id_number`,`investment_amount`,`expiration_date` FROM `pro_info` WHERE `id_number` = '110108194308303738'  [ RunTime:0.0054s ]
SQL: SELECT `id_number`,`investment_amount`,`expiration_date` FROM `pro_info` WHERE `id_number` = '110108195912245022'  [ RunTime:0.0062s ]
SQL: SELECT `id_number`,`investment_amount`,`expiration_date` FROM `pro_info` WHERE `id_number` = '110105195512316822'  [ RunTime:0.0049s ]
SQL: SELECT `id_number`,`investment_amount`,`expiration_date` FROM `pro_info` WHERE `id_number` = '342501198906265612'  [ RunTime:0.0071s ]
SQL: SELECT `id_number`,`investment_amount`,`expiration_date` FROM `pro_info` WHERE `id_number` = '130627196512036840'  [ RunTime:0.0106s ]
SQL: SELECT `id_number`,`investment_amount`,`expiration_date` FROM `pro_info` WHERE `id_number` = '320404199210093413'  [ RunTime:0.0154s ]
SQL: SELECT `id_number`,`investment_amount`,`expiration_date` FROM `pro_info` WHERE `id_number` = '110109196501170020'  [ RunTime:0.0252s ]
SQL: SELECT `id_number`,`investment_amount`,`expiration_date` FROM `pro_info` WHERE `id_number` = '330302198503282049'  [ RunTime:0.0076s ]
SQL: SELECT `id_number`,`investment_amount`,`expiration_date` FROM `pro_info` WHERE `id_number` = '330121196210086625'  [ RunTime:0.0044s ]
SQL: SELECT `id_number`,`investment_amount`,`expiration_date` FROM `pro_info` WHERE `id_number` = '34082219720211114X'  [ RunTime:0.0050s ]
SQL: SELECT `id_number`,`investment_amount`,`expiration_date` FROM `pro_info` WHERE `id_number` = '340521197903065438'  [ RunTime:0.0053s ]
SQL: SELECT `id_number`,`investment_amount`,`expiration_date` FROM `pro_info` WHERE `id_number` = '330324198309173293'  [ RunTime:0.0064s ]
SQL: SELECT `id_number`,`investment_amount`,`expiration_date` FROM `pro_info` WHERE `id_number` = '340822199305091814'  [ RunTime:0.0053s ]
SQL: SELECT `id_number`,`investment_amount`,`expiration_date` FROM `pro_info` WHERE `id_number` = '130728198806091512'  [ RunTime:0.0053s ]
SQL: SELECT `id_number`,`investment_amount`,`expiration_date` FROM `pro_info` WHERE `id_number` = '320402196606090423'  [ RunTime:0.0052s ]
SQL: SELECT `id_number`,`investment_amount`,`expiration_date` FROM `pro_info` WHERE `id_number` = '130204199008220611'  [ RunTime:0.0054s ]
SQL: SELECT `id_number`,`investment_amount`,`expiration_date` FROM `pro_info` WHERE `id_number` = '622301198204218375'  [ RunTime:0.0053s ]
SQL: SELECT `id_number`,`investment_amount`,`expiration_date` FROM `pro_info` WHERE `id_number` = '610302196611010540'  [ RunTime:0.0063s ]
INFO: [ app_end ] --START--
INFO: Run Behavior\ShowPageTraceBehavior [ RunTime:0.001208s ]
INFO: [ app_end ] --END-- [ RunTime:0.001262s ]

[ 2016-11-08T10:44:12+08:00 ] ::1 /hanyaziben_app/index.php/Ipad/api
INFO: [ app_init ] --START--
INFO: Run Behavior\BuildLiteBehavior [ RunTime:0.000011s ]
INFO: [ app_init ] --END-- [ RunTime:0.000401s ]
INFO: [ app_begin ] --START--
INFO: Run Behavior\ReadHtmlCacheBehavior [ RunTime:0.000524s ]
INFO: [ app_begin ] --END-- [ RunTime:0.000569s ]
INFO: [ app_end ] --START--
INFO: Run Behavior\ShowPageTraceBehavior [ RunTime:0.000436s ]
INFO: [ app_end ] --END-- [ RunTime:0.000481s ]

[ 2016-11-08T11:10:06+08:00 ] ::1 /hanyaziben_app/index.php/Weekly/form
INFO: [ app_init ] --START--
INFO: Run Behavior\BuildLiteBehavior [ RunTime:0.000012s ]
INFO: [ app_init ] --END-- [ RunTime:0.000693s ]
INFO: [ app_begin ] --START--
INFO: Run Behavior\ReadHtmlCacheBehavior [ RunTime:0.000817s ]
INFO: [ app_begin ] --END-- [ RunTime:0.000854s ]
SQL: SHOW COLUMNS FROM `pad_resources` [ RunTime:0.0023s ]
SQL: SELECT `resource_url` FROM `pad_resources` WHERE ( type = 'zhinan' )  [ RunTime:0.0013s ]

