[ 2016-11-07T15:01:54+08:00 ] ::1 /hanyaziben_app/
INFO: [ app_init ] --START--
INFO: Run Behavior\BuildLiteBehavior [ RunTime:0.000030s ]
INFO: [ app_init ] --END-- [ RunTime:0.013866s ]
INFO: [ app_begin ] --START--
INFO: Run Behavior\ReadHtmlCacheBehavior [ RunTime:0.001161s ]
INFO: [ app_begin ] --END-- [ RunTime:0.001295s ]
INFO: [ view_parse ] --START--
INFO: [ template_filter ] --START--
INFO: Run Behavior\ContentReplaceBehavior [ RunTime:0.000128s ]
INFO: [ template_filter ] --END-- [ RunTime:0.000399s ]
INFO: Run Behavior\ParseTemplateBehavior [ RunTime:0.046686s ]
INFO: [ view_parse ] --END-- [ RunTime:0.046991s ]
INFO: [ view_filter ] --START--
INFO: Run Behavior\WriteHtmlCacheBehavior [ RunTime:0.001880s ]
INFO: [ view_filter ] --END-- [ RunTime:0.002132s ]

[ 2016-11-07T15:01:55+08:00 ] ::1 /hanyaziben_app/index.php/Login/login.html
INFO: [ app_init ] --START--
INFO: Run Behavior\BuildLiteBehavior [ RunTime:0.000058s ]
INFO: [ app_init ] --END-- [ RunTime:0.001077s ]
INFO: [ app_begin ] --START--
INFO: Run Behavior\ReadHtmlCacheBehavior [ RunTime:0.000673s ]
INFO: [ app_begin ] --END-- [ RunTime:0.000822s ]
INFO: [ view_parse ] --START--
INFO: [ template_filter ] --START--
INFO: Run Behavior\ContentReplaceBehavior [ RunTime:0.000093s ]
INFO: [ template_filter ] --END-- [ RunTime:0.000247s ]
INFO: Run Behavior\ParseTemplateBehavior [ RunTime:0.016942s ]
INFO: [ view_parse ] --END-- [ RunTime:0.017098s ]
INFO: [ view_filter ] --START--
INFO: Run Behavior\WriteHtmlCacheBehavior [ RunTime:0.000510s ]
INFO: [ view_filter ] --END-- [ RunTime:0.000642s ]
INFO: [ app_end ] --START--
INFO: Run Behavior\ShowPageTraceBehavior [ RunTime:0.006855s ]
INFO: [ app_end ] --END-- [ RunTime:0.006991s ]

[ 2016-11-07T15:01:55+08:00 ] ::1 /hanyaziben_app/index.php/Login/code.html
INFO: [ app_init ] --START--
INFO: Run Behavior\BuildLiteBehavior [ RunTime:0.000029s ]
INFO: [ app_init ] --END-- [ RunTime:0.000490s ]
INFO: [ app_begin ] --START--
INFO: Run Behavior\ReadHtmlCacheBehavior [ RunTime:0.000615s ]
INFO: [ app_begin ] --END-- [ RunTime:0.000740s ]
INFO: [ app_end ] --START--
INFO: Run Behavior\ShowPageTraceBehavior [ RunTime:0.000602s ]
INFO: [ app_end ] --END-- [ RunTime:0.000762s ]

[ 2016-11-07T15:02:05+08:00 ] ::1 /hanyaziben_app/index.php/Kiki
INFO: [ app_init ] --START--
INFO: Run Behavior\BuildLiteBehavior [ RunTime:0.000028s ]
INFO: [ app_init ] --END-- [ RunTime:0.000464s ]
INFO: [ app_begin ] --START--
INFO: Run Behavior\ReadHtmlCacheBehavior [ RunTime:0.000602s ]
INFO: [ app_begin ] --END-- [ RunTime:0.000774s ]
ERR: 非法操作:index

[ 2016-11-07T15:02:28+08:00 ] ::1 /hanyaziben_app/index.php/Kiki/overdue
INFO: [ app_init ] --START--
INFO: Run Behavior\BuildLiteBehavior [ RunTime:0.000029s ]
INFO: [ app_init ] --END-- [ RunTime:0.000464s ]
INFO: [ app_begin ] --START--
INFO: Run Behavior\ReadHtmlCacheBehavior [ RunTime:0.000555s ]
INFO: [ app_begin ] --END-- [ RunTime:0.000699s ]
SQL: SHOW COLUMNS FROM `pt_investment_points` [ RunTime:0.0025s ]
SQL: SELECT * FROM `pt_investment_points` WHERE `expiration_date` < '2016-11-07' AND `user_id` NOT IN ('8','79') AND `is_effective` = 1  [ RunTime:0.0030s ]
SQL: SHOW COLUMNS FROM `pro_info` [ RunTime:0.0072s ]
SQL: SELECT `contract_states` FROM `pro_info` WHERE `id_number` = '110109196010210024' AND `investment_amount` = 600000 AND `expiration_date` = '0000-00-00' AND `contract_states` = '合同完结' LIMIT 1   [ RunTime:0.0056s ]
SQL: SELECT `contract_states` FROM `pro_info` WHERE `id_number` = '130622196303163649' AND `investment_amount` = 500000 AND `expiration_date` = '2016-10-20' AND `contract_states` = '合同完结' LIMIT 1   [ RunTime:0.0053s ]
SQL: SELECT `contract_states` FROM `pro_info` WHERE `id_number` = '330302198401294022' AND `investment_amount` = 50000 AND `expiration_date` = '2016-10-21' AND `contract_states` = '合同完结' LIMIT 1   [ RunTime:0.0055s ]
SQL: SELECT `contract_states` FROM `pro_info` WHERE `id_number` = '120111198209291522' AND `investment_amount` = 100000 AND `expiration_date` = '2016-10-21' AND `contract_states` = '合同完结' LIMIT 1   [ RunTime:0.0061s ]
SQL: SELECT `contract_states` FROM `pro_info` WHERE `id_number` = '610122199010032822' AND `investment_amount` = 90000 AND `expiration_date` = '2016-11-01' AND `contract_states` = '合同完结' LIMIT 1   [ RunTime:0.0066s ]
SQL: SELECT `contract_states` FROM `pro_info` WHERE `id_number` = '330324198010057095' AND `investment_amount` = 100000 AND `expiration_date` = '0000-00-00' AND `contract_states` = '合同完结' LIMIT 1   [ RunTime:0.0057s ]
SQL: SELECT `contract_states` FROM `pro_info` WHERE `id_number` = '330324198010057095' AND `investment_amount` = 100000 AND `expiration_date` = '2016-10-21' AND `contract_states` = '合同完结' LIMIT 1   [ RunTime:0.0053s ]
SQL: SELECT `contract_states` FROM `pro_info` WHERE `id_number` = '610113198307031328' AND `investment_amount` = 4600000 AND `expiration_date` = '0000-00-00' AND `contract_states` = '合同完结' LIMIT 1   [ RunTime:0.0061s ]
SQL: SELECT `contract_states` FROM `pro_info` WHERE `id_number` = '152104197808213824' AND `investment_amount` = 600000 AND `expiration_date` = '2016-10-25' AND `contract_states` = '合同完结' LIMIT 1   [ RunTime:0.0061s ]
SQL: SELECT `contract_states` FROM `pro_info` WHERE `id_number` = '330103197407010028' AND `investment_amount` = 4800000 AND `expiration_date` = '0000-00-00' AND `contract_states` = '合同完结' LIMIT 1   [ RunTime:0.0054s ]
SQL: SELECT `contract_states` FROM `pro_info` WHERE `id_number` = '110108194308303738' AND `investment_amount` = 1000000 AND `expiration_date` = '0000-00-00' AND `contract_states` = '合同完结' LIMIT 1   [ RunTime:0.0134s ]
SQL: SELECT `contract_states` FROM `pro_info` WHERE `id_number` = '110108195912245022' AND `investment_amount` = 1000000 AND `expiration_date` = '0000-00-00' AND `contract_states` = '合同完结' LIMIT 1   [ RunTime:0.0112s ]
SQL: SELECT `contract_states` FROM `pro_info` WHERE `id_number` = '330103195802041650' AND `investment_amount` = 2000000 AND `expiration_date` = '0000-00-00' AND `contract_states` = '合同完结' LIMIT 1   [ RunTime:0.0108s ]
SQL: SELECT `contract_states` FROM `pro_info` WHERE `id_number` = '330121196210086625' AND `investment_amount` = 1000000 AND `expiration_date` = '0000-00-00' AND `contract_states` = '合同完结' LIMIT 1   [ RunTime:0.0271s ]
SQL: SELECT `contract_states` FROM `pro_info` WHERE `id_number` = '320404193902260414' AND `investment_amount` = 50000 AND `expiration_date` = '0000-00-00' AND `contract_states` = '合同完结' LIMIT 1   [ RunTime:0.0216s ]
SQL: SELECT `contract_states` FROM `pro_info` WHERE `id_number` = '340521197903065438' AND `investment_amount` = 2000000 AND `expiration_date` = '0000-00-00' AND `contract_states` = '合同完结' LIMIT 1   [ RunTime:0.0087s ]
SQL: SELECT `contract_states` FROM `pro_info` WHERE `id_number` = '340822199305091814' AND `investment_amount` = 100000 AND `expiration_date` = '0000-00-00' AND `contract_states` = '合同完结' LIMIT 1   [ RunTime:0.3235s ]
SQL: SELECT `contract_states` FROM `pro_info` WHERE `id_number` = '370105198612022524' AND `investment_amount` = 400000 AND `expiration_date` = '0000-00-00' AND `contract_states` = '合同完结' LIMIT 1   [ RunTime:0.0302s ]
SQL: SELECT `contract_states` FROM `pro_info` WHERE `id_number` = '622826198610162922' AND `investment_amount` = 50000 AND `expiration_date` = '0000-00-00' AND `contract_states` = '合同完结' LIMIT 1   [ RunTime:0.0058s ]

[ 2016-11-07T15:02:43+08:00 ] ::1 /hanyaziben_app/index.php/Kiki/update
INFO: [ app_init ] --START--
INFO: Run Behavior\BuildLiteBehavior [ RunTime:0.000025s ]
INFO: [ app_init ] --END-- [ RunTime:0.000459s ]
INFO: [ app_begin ] --START--
INFO: Run Behavior\ReadHtmlCacheBehavior [ RunTime:0.000655s ]
INFO: [ app_begin ] --END-- [ RunTime:0.000779s ]
SQL: SHOW COLUMNS FROM `cw_user` [ RunTime:0.0019s ]
SQL: SHOW COLUMNS FROM `pt_investment_points` [ RunTime:0.0018s ]
SQL: SHOW COLUMNS FROM `pt_overdue_points` [ RunTime:0.0017s ]
SQL: SHOW COLUMNS FROM `pro_info` [ RunTime:0.0093s ]
SQL: SELECT `id`,`idnumber` FROM `cw_user`  [ RunTime:0.0025s ]
SQL: SELECT `id_number`,`investment_amount`,`expiration_date` FROM `pro_info` WHERE `id_number` = '110222198805011011'  [ RunTime:0.0083s ]
SQL: SELECT `id_number`,`investment_amount`,`expiration_date` FROM `pro_info` WHERE `id_number` = '231083198912310011'  [ RunTime:0.0085s ]
SQL: SELECT `id_number`,`investment_amount`,`expiration_date` FROM `pro_info` WHERE `id_number` = '110104198904051269'  [ RunTime:0.0082s ]
SQL: SELECT `id_number`,`investment_amount`,`expiration_date` FROM `pro_info` WHERE `id_number` = '370503199401010930'  [ RunTime:0.0115s ]
SQL: SELECT `id_number`,`investment_amount`,`expiration_date` FROM `pro_info` WHERE `id_number` = '110101195408163525'  [ RunTime:0.0098s ]
SQL: SELECT `id_number`,`investment_amount`,`expiration_date` FROM `pro_info` WHERE `id_number` = '130822199308230526'  [ RunTime:0.0112s ]
SQL: SELECT `id_number`,`investment_amount`,`expiration_date` FROM `pro_info` WHERE `id_number` = '130481199003171244'  [ RunTime:0.0089s ]
SQL: SELECT `id_number`,`investment_amount`,`expiration_date` FROM `pro_info` WHERE `id_number` = '230523198707084828'  [ RunTime:0.0066s ]
SQL: SELECT `id_number`,`investment_amount`,`expiration_date` FROM `pro_info` WHERE `id_number` = '211381198904270427'  [ RunTime:0.0102s ]
SQL: SELECT `id_number`,`investment_amount`,`expiration_date` FROM `pro_info` WHERE `id_number` = '330302198401294022'  [ RunTime:0.0116s ]
SQL: SELECT `id_number`,`investment_amount`,`expiration_date` FROM `pro_info` WHERE `id_number` = '120111198209291522'  [ RunTime:0.0091s ]
SQL: SELECT `id_number`,`investment_amount`,`expiration_date` FROM `pro_info` WHERE `id_number` = '370822197602051225'  [ RunTime:0.0091s ]
SQL: SELECT `id_number`,`investment_amount`,`expiration_date` FROM `pro_info` WHERE `id_number` = '330103195802041650'  [ RunTime:0.0090s ]
SQL: SELECT `id_number`,`investment_amount`,`expiration_date` FROM `pro_info` WHERE `id_number` = '610321198906030221'  [ RunTime:0.0078s ]
SQL: SELECT `id_number`,`investment_amount`,`expiration_date` FROM `pro_info` WHERE `id_number` = '142729199101120015'  [ RunTime:0.0055s ]
SQL: SELECT `id_number`,`investment_amount`,`expiration_date` FROM `pro_info` WHERE `id_number` = '622826198610162922'  [ RunTime:0.0088s ]
SQL: SELECT `id_number`,`investment_amount`,`expiration_date` FROM `pro_info` WHERE `id_number` = '34262319900408532X'  [ RunTime:0.0085s ]
SQL: SELECT `id_number`,`investment_amount`,`expiration_date` FROM `pro_info` WHERE `id_number` = '330302196806254820'  [ RunTime:0.0068s ]
SQL: SELECT `id_number`,`investment_amount`,`expiration_date` FROM `pro_info` WHERE `id_number` = '610324198610053124'  [ RunTime:0.0077s ]
SQL: SELECT `id_number`,`investment_amount`,`expiration_date` FROM `pro_info` WHERE `id_number` = '610113198307031328'  [ RunTime:0.0068s ]
SQL: SELECT `id_number`,`investment_amount`,`expiration_date` FROM `pro_info` WHERE `id_number` = '610122199010032822'  [ RunTime:0.0058s ]
SQL: SELECT `id_number`,`investment_amount`,`expiration_date` FROM `pro_info` WHERE `id_number` = '330103197407010028'  [ RunTime:0.0075s ]
SQL: SELECT `id_number`,`investment_amount`,`expiration_date` FROM `pro_info` WHERE `id_number` = '61043119880214154X'  [ RunTime:0.0099s ]
SQL: SELECT `id_number`,`investment_amount`,`expiration_date` FROM `pro_info` WHERE `id_number` = '610481198910253462'  [ RunTime:0.0056s ]
SQL: SELECT `id_number`,`investment_amount`,`expiration_date` FROM `pro_info` WHERE `id_number` = '610481198608090025'  [ RunTime:0.0053s ]
SQL: SELECT `id_number`,`investment_amount`,`expiration_date` FROM `pro_info` WHERE `id_number` = '330324198010057095'  [ RunTime:0.0060s ]
SQL: SELECT `id_number`,`investment_amount`,`expiration_date` FROM `pro_info` WHERE `id_number` = '130721195908212639'  [ RunTime:0.0059s ]
SQL: SELECT `id_number`,`investment_amount`,`expiration_date` FROM `pro_info` WHERE `id_number` = '220222196808133146'  [ RunTime:0.0057s ]
SQL: SELECT `id_number`,`investment_amount`,`expiration_date` FROM `pro_info` WHERE `id_number` = '110102195803272728'  [ RunTime:0.0045s ]
SQL: SELECT `id_number`,`investment_amount`,`expiration_date` FROM `pro_info` WHERE `id_number` = '110105195607070423'  [ RunTime:0.0048s ]
SQL: SELECT `id_number`,`investment_amount`,`expiration_date` FROM `pro_info` WHERE `id_number` = '120103196508205429'  [ RunTime:0.0059s ]
SQL: SELECT `id_number`,`investment_amount`,`expiration_date` FROM `pro_info` WHERE `id_number` = '110221196210180042'  [ RunTime:0.0058s ]
SQL: SELECT `id_number`,`investment_amount`,`expiration_date` FROM `pro_info` WHERE `id_number` = '330302196801183613'  [ RunTime:0.0064s ]
SQL: SELECT `id_number`,`investment_amount`,`expiration_date` FROM `pro_info` WHERE `id_number` = '110225196908241025'  [ RunTime:0.0059s ]
SQL: SELECT `id_number`,`investment_amount`,`expiration_date` FROM `pro_info` WHERE `id_number` = '342224198006141217'  [ RunTime:0.0067s ]
SQL: SELECT `id_number`,`investment_amount`,`expiration_date` FROM `pro_info` WHERE `id_number` = '330302198409042014'  [ RunTime:0.0064s ]
SQL: SELECT `id_number`,`investment_amount`,`expiration_date` FROM `pro_info` WHERE `id_number` = '320502195412150767'  [ RunTime:0.0054s ]
SQL: SELECT `id_number`,`investment_amount`,`expiration_date` FROM `pro_info` WHERE `id_number` = '13070219610801092X'  [ RunTime:0.0058s ]
SQL: SELECT `id_number`,`investment_amount`,`expiration_date` FROM `pro_info` WHERE `id_number` = '610103198203023216'  [ RunTime:0.0059s ]
SQL: SELECT `id_number`,`investment_amount`,`expiration_date` FROM `pro_info` WHERE `id_number` = '152104197808213824'  [ RunTime:0.0056s ]
SQL: SELECT `id_number`,`investment_amount`,`expiration_date` FROM `pro_info` WHERE `id_number` = '330302196206272814'  [ RunTime:0.0060s ]
SQL: SELECT `id_number`,`investment_amount`,`expiration_date` FROM `pro_info` WHERE `id_number` = '610103198408053224'  [ RunTime:0.0056s ]
SQL: SELECT `id_number`,`investment_amount`,`expiration_date` FROM `pro_info` WHERE `id_number` = '612324198307060024'  [ RunTime:0.0086s ]
SQL: SELECT `id_number`,`investment_amount`,`expiration_date` FROM `pro_info` WHERE `id_number` = '21010219821001283X'  [ RunTime:0.0206s ]
SQL: SELECT `id_number`,`investment_amount`,`expiration_date` FROM `pro_info` WHERE `id_number` = '610125198402286228'  [ RunTime:0.0292s ]
SQL: SELECT `id_number`,`investment_amount`,`expiration_date` FROM `pro_info` WHERE `id_number` = '339005198708046614'  [ RunTime:0.0399s ]
SQL: SELECT `id_number`,`investment_amount`,`expiration_date` FROM `pro_info` WHERE `id_number` = '130984198001151268'  [ RunTime:0.0186s ]
SQL: SELECT `id_number`,`investment_amount`,`expiration_date` FROM `pro_info` WHERE `id_number` = '310109195810184445'  [ RunTime:0.0053s ]
SQL: SELECT `id_number`,`investment_amount`,`expiration_date` FROM `pro_info` WHERE `id_number` = '330302197312154824'  [ RunTime:0.0065s ]
SQL: SELECT `id_number`,`investment_amount`,`expiration_date` FROM `pro_info` WHERE `id_number` = '330302196306032826'  [ RunTime:0.0055s ]
SQL: SELECT `id_number`,`investment_amount`,`expiration_date` FROM `pro_info` WHERE `id_number` = '320404193902260414'  [ RunTime:0.0051s ]
SQL: SELECT `id_number`,`investment_amount`,`expiration_date` FROM `pro_info` WHERE `id_number` = '330325197902023618'  [ RunTime:0.0049s ]
SQL: SELECT `id_number`,`investment_amount`,`expiration_date` FROM `pro_info` WHERE `id_number` = '320404198001164129'  [ RunTime:0.0055s ]
SQL: SELECT `id_number`,`investment_amount`,`expiration_date` FROM `pro_info` WHERE `id_number` = '110101194606201516'  [ RunTime:0.0059s ]
SQL: SELECT `id_number`,`investment_amount`,`expiration_date` FROM `pro_info` WHERE `id_number` = '370112199207174514'  [ RunTime:0.0050s ]
SQL: SELECT `id_number`,`investment_amount`,`expiration_date` FROM `pro_info` WHERE `id_number` = '370121196001074537'  [ RunTime:0.0056s ]
SQL: SELECT `id_number`,`investment_amount`,`expiration_date` FROM `pro_info` WHERE `id_number` = '370112198307175130'  [ RunTime:0.0048s ]
SQL: SELECT `id_number`,`investment_amount`,`expiration_date` FROM `pro_info` WHERE `id_number` = '620502198005050026'  [ RunTime:0.0065s ]
SQL: SELECT `id_number`,`investment_amount`,`expiration_date` FROM `pro_info` WHERE `id_number` = '132623197107300514'  [ RunTime:0.0059s ]
SQL: SELECT `id_number`,`investment_amount`,`expiration_date` FROM `pro_info` WHERE `id_number` = '320411196901030622'  [ RunTime:0.0066s ]
SQL: SELECT `id_number`,`investment_amount`,`expiration_date` FROM `pro_info` WHERE `id_number` = '370105198612022524'  [ RunTime:0.0087s ]
SQL: SELECT `id_number`,`investment_amount`,`expiration_date` FROM `pro_info` WHERE `id_number` = '320504196310191514'  [ RunTime:0.0053s ]
SQL: SELECT `id_number`,`investment_amount`,`expiration_date` FROM `pro_info` WHERE `id_number` = '420106197709030842'  [ RunTime:0.0054s ]
SQL: SELECT `id_number`,`investment_amount`,`expiration_date` FROM `pro_info` WHERE `id_number` = '320523196606260223'  [ RunTime:0.0127s ]
SQL: SELECT `id_number`,`investment_amount`,`expiration_date` FROM `pro_info` WHERE `id_number` = '320502195011251532'  [ RunTime:0.0054s ]
SQL: SELECT `id_number`,`investment_amount`,`expiration_date` FROM `pro_info` WHERE `id_number` = '110108194308303738'  [ RunTime:0.0076s ]
SQL: SELECT `id_number`,`investment_amount`,`expiration_date` FROM `pro_info` WHERE `id_number` = '110108195912245022'  [ RunTime:0.0065s ]
SQL: SELECT `id_number`,`investment_amount`,`expiration_date` FROM `pro_info` WHERE `id_number` = '110105195512316822'  [ RunTime:0.3057s ]
SQL: SELECT `id_number`,`investment_amount`,`expiration_date` FROM `pro_info` WHERE `id_number` = '342501198906265612'  [ RunTime:0.0057s ]
SQL: SELECT `id_number`,`investment_amount`,`expiration_date` FROM `pro_info` WHERE `id_number` = '130627196512036840'  [ RunTime:0.0053s ]
SQL: SELECT `id_number`,`investment_amount`,`expiration_date` FROM `pro_info` WHERE `id_number` = '320404199210093413'  [ RunTime:0.0060s ]
SQL: SELECT `id_number`,`investment_amount`,`expiration_date` FROM `pro_info` WHERE `id_number` = '110109196501170020'  [ RunTime:0.0274s ]
SQL: SELECT `id_number`,`investment_amount`,`expiration_date` FROM `pro_info` WHERE `id_number` = '330302198503282049'  [ RunTime:0.0168s ]
SQL: SELECT `id_number`,`investment_amount`,`expiration_date` FROM `pro_info` WHERE `id_number` = '330121196210086625'  [ RunTime:0.0057s ]
SQL: SELECT `id_number`,`investment_amount`,`expiration_date` FROM `pro_info` WHERE `id_number` = '34082219720211114X'  [ RunTime:0.0058s ]
SQL: SELECT `id_number`,`investment_amount`,`expiration_date` FROM `pro_info` WHERE `id_number` = '340521197903065438'  [ RunTime:0.0045s ]
SQL: SELECT `id_number`,`investment_amount`,`expiration_date` FROM `pro_info` WHERE `id_number` = '330324198309173293'  [ RunTime:0.0048s ]
SQL: SELECT `id_number`,`investment_amount`,`expiration_date` FROM `pro_info` WHERE `id_number` = '340822199305091814'  [ RunTime:0.0048s ]
SQL: SELECT `id_number`,`investment_amount`,`expiration_date` FROM `pro_info` WHERE `id_number` = '130728198806091512'  [ RunTime:0.0055s ]
SQL: SELECT `id_number`,`investment_amount`,`expiration_date` FROM `pro_info` WHERE `id_number` = '320402196606090423'  [ RunTime:0.0056s ]
SQL: SELECT `id_number`,`investment_amount`,`expiration_date` FROM `pro_info` WHERE `id_number` = '130204199008220611'  [ RunTime:0.0053s ]
SQL: SELECT `id_number`,`investment_amount`,`expiration_date` FROM `pro_info` WHERE `id_number` = '622301198204218375'  [ RunTime:0.0050s ]
SQL: SELECT `id_number`,`investment_amount`,`expiration_date` FROM `pro_info` WHERE `id_number` = '610302196611010540'  [ RunTime:0.0055s ]
INFO: [ app_end ] --START--
INFO: Run Behavior\ShowPageTraceBehavior [ RunTime:0.000622s ]
INFO: [ app_end ] --END-- [ RunTime:0.000748s ]

[ 2016-11-07T15:03:28+08:00 ] ::1 /hanyaziben_app/index.php/Kiki/update
INFO: [ app_init ] --START--
INFO: Run Behavior\BuildLiteBehavior [ RunTime:0.000027s ]
INFO: [ app_init ] --END-- [ RunTime:0.000490s ]
INFO: [ app_begin ] --START--
INFO: Run Behavior\ReadHtmlCacheBehavior [ RunTime:0.000523s ]
INFO: [ app_begin ] --END-- [ RunTime:0.000638s ]
SQL: SHOW COLUMNS FROM `cw_user` [ RunTime:0.0023s ]
SQL: SHOW COLUMNS FROM `pt_investment_points` [ RunTime:0.0018s ]
SQL: SHOW COLUMNS FROM `pt_overdue_points` [ RunTime:0.0016s ]
SQL: SHOW COLUMNS FROM `pro_info` [ RunTime:0.0062s ]
SQL: SELECT `id`,`idnumber` FROM `cw_user`  [ RunTime:0.0024s ]
SQL: SELECT `id_number`,`investment_amount`,`expiration_date` FROM `pro_info` WHERE `id_number` = '110222198805011011'  [ RunTime:0.0053s ]
SQL: SELECT `id_number`,`investment_amount`,`expiration_date` FROM `pro_info` WHERE `id_number` = '231083198912310011'  [ RunTime:0.0054s ]
SQL: SELECT `id_number`,`investment_amount`,`expiration_date` FROM `pro_info` WHERE `id_number` = '110104198904051269'  [ RunTime:0.0067s ]
SQL: SELECT `id_number`,`investment_amount`,`expiration_date` FROM `pro_info` WHERE `id_number` = '370503199401010930'  [ RunTime:0.0052s ]
SQL: SELECT `id_number`,`investment_amount`,`expiration_date` FROM `pro_info` WHERE `id_number` = '110101195408163525'  [ RunTime:0.0069s ]
SQL: SELECT `id_number`,`investment_amount`,`expiration_date` FROM `pro_info` WHERE `id_number` = '130822199308230526'  [ RunTime:0.0046s ]
SQL: SELECT `id_number`,`investment_amount`,`expiration_date` FROM `pro_info` WHERE `id_number` = '130481199003171244'  [ RunTime:0.0061s ]
SQL: SELECT `id_number`,`investment_amount`,`expiration_date` FROM `pro_info` WHERE `id_number` = '230523198707084828'  [ RunTime:0.0052s ]
SQL: SELECT `id_number`,`investment_amount`,`expiration_date` FROM `pro_info` WHERE `id_number` = '211381198904270427'  [ RunTime:0.0053s ]
SQL: SELECT `id_number`,`investment_amount`,`expiration_date` FROM `pro_info` WHERE `id_number` = '330302198401294022'  [ RunTime:0.0053s ]
SQL: SELECT `id_number`,`investment_amount`,`expiration_date` FROM `pro_info` WHERE `id_number` = '120111198209291522'  [ RunTime:0.0057s ]
SQL: SELECT `id_number`,`investment_amount`,`expiration_date` FROM `pro_info` WHERE `id_number` = '370822197602051225'  [ RunTime:0.0058s ]
SQL: SELECT `id_number`,`investment_amount`,`expiration_date` FROM `pro_info` WHERE `id_number` = '330103195802041650'  [ RunTime:0.0072s ]
SQL: SELECT `id_number`,`investment_amount`,`expiration_date` FROM `pro_info` WHERE `id_number` = '610321198906030221'  [ RunTime:0.0059s ]
SQL: SELECT `id_number`,`investment_amount`,`expiration_date` FROM `pro_info` WHERE `id_number` = '142729199101120015'  [ RunTime:0.0060s ]
SQL: SELECT `id_number`,`investment_amount`,`expiration_date` FROM `pro_info` WHERE `id_number` = '622826198610162922'  [ RunTime:0.0056s ]
SQL: SELECT `id_number`,`investment_amount`,`expiration_date` FROM `pro_info` WHERE `id_number` = '34262319900408532X'  [ RunTime:0.0046s ]
SQL: SELECT `id_number`,`investment_amount`,`expiration_date` FROM `pro_info` WHERE `id_number` = '330302196806254820'  [ RunTime:0.0074s ]
SQL: SELECT `id_number`,`investment_amount`,`expiration_date` FROM `pro_info` WHERE `id_number` = '610324198610053124'  [ RunTime:0.0048s ]
SQL: SELECT `id_number`,`investment_amount`,`expiration_date` FROM `pro_info` WHERE `id_number` = '610113198307031328'  [ RunTime:0.0046s ]
SQL: SELECT `id_number`,`investment_amount`,`expiration_date` FROM `pro_info` WHERE `id_number` = '610122199010032822'  [ RunTime:0.0053s ]
SQL: SELECT `id_number`,`investment_amount`,`expiration_date` FROM `pro_info` WHERE `id_number` = '330103197407010028'  [ RunTime:0.0056s ]
SQL: SELECT `id_number`,`investment_amount`,`expiration_date` FROM `pro_info` WHERE `id_number` = '61043119880214154X'  [ RunTime:0.0059s ]
SQL: SELECT `id_number`,`investment_amount`,`expiration_date` FROM `pro_info` WHERE `id_number` = '610481198910253462'  [ RunTime:0.0057s ]
SQL: SELECT `id_number`,`investment_amount`,`expiration_date` FROM `pro_info` WHERE `id_number` = '610481198608090025'  [ RunTime:0.0062s ]
SQL: SELECT `id_number`,`investment_amount`,`expiration_date` FROM `pro_info` WHERE `id_number` = '330324198010057095'  [ RunTime:0.0058s ]
SQL: SELECT `id_number`,`investment_amount`,`expiration_date` FROM `pro_info` WHERE `id_number` = '130721195908212639'  [ RunTime:0.0053s ]
SQL: SELECT `id_number`,`investment_amount`,`expiration_date` FROM `pro_info` WHERE `id_number` = '220222196808133146'  [ RunTime:0.0069s ]
SQL: SELECT `id_number`,`investment_amount`,`expiration_date` FROM `pro_info` WHERE `id_number` = '110102195803272728'  [ RunTime:0.0128s ]
SQL: SELECT `id_number`,`investment_amount`,`expiration_date` FROM `pro_info` WHERE `id_number` = '110105195607070423'  [ RunTime:0.0056s ]
SQL: SELECT `id_number`,`investment_amount`,`expiration_date` FROM `pro_info` WHERE `id_number` = '120103196508205429'  [ RunTime:0.0058s ]
SQL: SELECT `id_number`,`investment_amount`,`expiration_date` FROM `pro_info` WHERE `id_number` = '110221196210180042'  [ RunTime:0.0051s ]
SQL: SELECT `id_number`,`investment_amount`,`expiration_date` FROM `pro_info` WHERE `id_number` = '330302196801183613'  [ RunTime:0.0052s ]
SQL: SELECT `id_number`,`investment_amount`,`expiration_date` FROM `pro_info` WHERE `id_number` = '110225196908241025'  [ RunTime:0.0067s ]
SQL: SELECT `id_number`,`investment_amount`,`expiration_date` FROM `pro_info` WHERE `id_number` = '342224198006141217'  [ RunTime:0.0067s ]
SQL: SELECT `id_number`,`investment_amount`,`expiration_date` FROM `pro_info` WHERE `id_number` = '330302198409042014'  [ RunTime:0.0056s ]
SQL: SELECT `id_number`,`investment_amount`,`expiration_date` FROM `pro_info` WHERE `id_number` = '320502195412150767'  [ RunTime:0.0042s ]
SQL: SELECT `id_number`,`investment_amount`,`expiration_date` FROM `pro_info` WHERE `id_number` = '13070219610801092X'  [ RunTime:0.0070s ]
SQL: SELECT `id_number`,`investment_amount`,`expiration_date` FROM `pro_info` WHERE `id_number` = '610103198203023216'  [ RunTime:0.0070s ]
SQL: SELECT `id_number`,`investment_amount`,`expiration_date` FROM `pro_info` WHERE `id_number` = '152104197808213824'  [ RunTime:0.0050s ]
SQL: SELECT `id_number`,`investment_amount`,`expiration_date` FROM `pro_info` WHERE `id_number` = '330302196206272814'  [ RunTime:0.0056s ]
SQL: SELECT `id_number`,`investment_amount`,`expiration_date` FROM `pro_info` WHERE `id_number` = '610103198408053224'  [ RunTime:0.0050s ]
SQL: SELECT `id_number`,`investment_amount`,`expiration_date` FROM `pro_info` WHERE `id_number` = '612324198307060024'  [ RunTime:0.0070s ]
SQL: SELECT `id_number`,`investment_amount`,`expiration_date` FROM `pro_info` WHERE `id_number` = '21010219821001283X'  [ RunTime:0.0059s ]
SQL: SELECT `id_number`,`investment_amount`,`expiration_date` FROM `pro_info` WHERE `id_number` = '610125198402286228'  [ RunTime:0.0064s ]
SQL: SELECT `id_number`,`investment_amount`,`expiration_date` FROM `pro_info` WHERE `id_number` = '339005198708046614'  [ RunTime:0.0588s ]
SQL: SELECT `id_number`,`investment_amount`,`expiration_date` FROM `pro_info` WHERE `id_number` = '130984198001151268'  [ RunTime:0.0118s ]
SQL: SELECT `id_number`,`investment_amount`,`expiration_date` FROM `pro_info` WHERE `id_number` = '310109195810184445'  [ RunTime:0.0298s ]
SQL: SELECT `id_number`,`investment_amount`,`expiration_date` FROM `pro_info` WHERE `id_number` = '330302197312154824'  [ RunTime:0.0228s ]
SQL: SELECT `id_number`,`investment_amount`,`expiration_date` FROM `pro_info` WHERE `id_number` = '330302196306032826'  [ RunTime:0.0058s ]
SQL: SELECT `id_number`,`investment_amount`,`expiration_date` FROM `pro_info` WHERE `id_number` = '320404193902260414'  [ RunTime:0.0048s ]
SQL: SELECT `id_number`,`investment_amount`,`expiration_date` FROM `pro_info` WHERE `id_number` = '330325197902023618'  [ RunTime:0.0070s ]
SQL: SELECT `id_number`,`investment_amount`,`expiration_date` FROM `pro_info` WHERE `id_number` = '320404198001164129'  [ RunTime:0.0056s ]
SQL: SELECT `id_number`,`investment_amount`,`expiration_date` FROM `pro_info` WHERE `id_number` = '110101194606201516'  [ RunTime:0.0053s ]
SQL: SELECT `id_number`,`investment_amount`,`expiration_date` FROM `pro_info` WHERE `id_number` = '370112199207174514'  [ RunTime:0.0052s ]
SQL: SELECT `id_number`,`investment_amount`,`expiration_date` FROM `pro_info` WHERE `id_number` = '370121196001074537'  [ RunTime:0.0061s ]
SQL: SELECT `id_number`,`investment_amount`,`expiration_date` FROM `pro_info` WHERE `id_number` = '370112198307175130'  [ RunTime:0.0055s ]
SQL: SELECT `id_number`,`investment_amount`,`expiration_date` FROM `pro_info` WHERE `id_number` = '620502198005050026'  [ RunTime:0.0058s ]
SQL: SELECT `id_number`,`investment_amount`,`expiration_date` FROM `pro_info` WHERE `id_number` = '132623197107300514'  [ RunTime:0.0056s ]
SQL: SELECT `id_number`,`investment_amount`,`expiration_date` FROM `pro_info` WHERE `id_number` = '320411196901030622'  [ RunTime:0.0056s ]
SQL: SELECT `id_number`,`investment_amount`,`expiration_date` FROM `pro_info` WHERE `id_number` = '370105198612022524'  [ RunTime:0.0056s ]
SQL: SELECT `id_number`,`investment_amount`,`expiration_date` FROM `pro_info` WHERE `id_number` = '320504196310191514'  [ RunTime:0.0054s ]
SQL: SELECT `id_number`,`investment_amount`,`expiration_date` FROM `pro_info` WHERE `id_number` = '420106197709030842'  [ RunTime:0.0047s ]
SQL: SELECT `id_number`,`investment_amount`,`expiration_date` FROM `pro_info` WHERE `id_number` = '320523196606260223'  [ RunTime:0.0056s ]
SQL: SELECT `id_number`,`investment_amount`,`expiration_date` FROM `pro_info` WHERE `id_number` = '320502195011251532'  [ RunTime:0.0051s ]
SQL: SELECT `id_number`,`investment_amount`,`expiration_date` FROM `pro_info` WHERE `id_number` = '110108194308303738'  [ RunTime:0.0052s ]
SQL: SELECT `id_number`,`investment_amount`,`expiration_date` FROM `pro_info` WHERE `id_number` = '110108195912245022'  [ RunTime:0.0050s ]
SQL: SELECT `id_number`,`investment_amount`,`expiration_date` FROM `pro_info` WHERE `id_number` = '110105195512316822'  [ RunTime:0.0070s ]
SQL: SELECT `id_number`,`investment_amount`,`expiration_date` FROM `pro_info` WHERE `id_number` = '342501198906265612'  [ RunTime:0.0089s ]
SQL: SELECT `id_number`,`investment_amount`,`expiration_date` FROM `pro_info` WHERE `id_number` = '130627196512036840'  [ RunTime:0.0056s ]
SQL: SELECT `id_number`,`investment_amount`,`expiration_date` FROM `pro_info` WHERE `id_number` = '320404199210093413'  [ RunTime:0.0053s ]
SQL: SELECT `id_number`,`investment_amount`,`expiration_date` FROM `pro_info` WHERE `id_number` = '110109196501170020'  [ RunTime:0.0052s ]
SQL: SELECT `id_number`,`investment_amount`,`expiration_date` FROM `pro_info` WHERE `id_number` = '330302198503282049'  [ RunTime:0.0050s ]
SQL: SELECT `id_number`,`investment_amount`,`expiration_date` FROM `pro_info` WHERE `id_number` = '330121196210086625'  [ RunTime:0.0052s ]
SQL: SELECT `id_number`,`investment_amount`,`expiration_date` FROM `pro_info` WHERE `id_number` = '34082219720211114X'  [ RunTime:0.0048s ]
SQL: SELECT `id_number`,`investment_amount`,`expiration_date` FROM `pro_info` WHERE `id_number` = '340521197903065438'  [ RunTime:0.0061s ]
SQL: SELECT `id_number`,`investment_amount`,`expiration_date` FROM `pro_info` WHERE `id_number` = '330324198309173293'  [ RunTime:0.0201s ]
SQL: SELECT `id_number`,`investment_amount`,`expiration_date` FROM `pro_info` WHERE `id_number` = '340822199305091814'  [ RunTime:0.0451s ]
SQL: SELECT `id_number`,`investment_amount`,`expiration_date` FROM `pro_info` WHERE `id_number` = '130728198806091512'  [ RunTime:0.0056s ]
SQL: SELECT `id_number`,`investment_amount`,`expiration_date` FROM `pro_info` WHERE `id_number` = '320402196606090423'  [ RunTime:0.0056s ]
SQL: SELECT `id_number`,`investment_amount`,`expiration_date` FROM `pro_info` WHERE `id_number` = '130204199008220611'  [ RunTime:0.0058s ]
SQL: SELECT `id_number`,`investment_amount`,`expiration_date` FROM `pro_info` WHERE `id_number` = '622301198204218375'  [ RunTime:0.0059s ]
SQL: SELECT `id_number`,`investment_amount`,`expiration_date` FROM `pro_info` WHERE `id_number` = '610302196611010540'  [ RunTime:0.0042s ]
INFO: [ app_end ] --START--
INFO: Run Behavior\ShowPageTraceBehavior [ RunTime:0.001149s ]
INFO: [ app_end ] --END-- [ RunTime:0.001405s ]

